Build started 05/10/2010 7:24:42 PM.
     1>Project "D:\Projects\Pacman\Pacman\Pacman.vcxproj" on node 2 (build target(s)).
     1>InitializeBuildStatus:
         Touching "Debug\Pacman.unsuccessfulbuild".
       ClCompile:
         C:\Program Files\Microsoft Visual Studio 10.0\VC\bin\CL.exe /c /ZI /nologo /W3 /WX- /Od /Oy- /D _MBCS /Gm /EHsc /RTC1 /MD /GS /fp:precise /Zc:wchar_t /Zc:forScope /Fo"Debug\\" /Fd"Debug\vc100.pdb" /Gd /TP /analyze- /errorReport:prompt main.cpp
         main.cpp
       Link:
         C:\Program Files\Microsoft Visual Studio 10.0\VC\bin\link.exe /ERRORREPORT:PROMPT /OUT:"D:\Projects\Pacman\Debug\Pacman.exe" /NOLOGO SDL.lib SDLmain.lib kernel32.lib user32.lib gdi32.lib winspool.lib comdlg32.lib advapi32.lib shell32.lib ole32.lib oleaut32.lib uuid.lib odbc32.lib odbccp32.lib /MANIFEST /ManifestFile:"Debug\Pacman.exe.intermediate.manifest" /MANIFESTUAC:"level='asInvoker' uiAccess='false'" /DEBUG /PDB:"D:\Projects\Pacman\Debug\Pacman.pdb" /SUBSYSTEM:WINDOWS /TLBID:1 /DYNAMICBASE /NXCOMPAT /IMPLIB:"D:\Projects\Pacman\Debug\Pacman.lib" /MACHINE:X86 Debug\Level.obj
         Debug\LevelReader.obj
         Debug\main.obj
         Debug\Pacman.obj
         Debug\SDL.obj
         LINK : D:\Projects\Pacman\Debug\Pacman.exe not found or not built by the last incremental link; performing full link
         Pacman.vcxproj -> D:\Projects\Pacman\Debug\Pacman.exe
       Manifest:
         C:\Program Files\Microsoft SDKs\Windows\v7.0A\bin\mt.exe /nologo /verbose /outputresource:"D:\Projects\Pacman\Debug\Pacman.exe;#1" /manifest Debug\Pacman.exe.intermediate.manifest
       FinalizeBuildStatus:
         Deleting file "Debug\Pacman.unsuccessfulbuild".
         Touching "Debug\Pacman.lastbuildstate".
     1>Done Building Project "D:\Projects\Pacman\Pacman\Pacman.vcxproj" (build target(s)).

Build succeeded.

Time Elapsed 00:00:03.63
